jueves,  9 de febrero de 2023, 12:51:14 CET
#===================================================
# Compiling 3Dgas.cpp                               
# Done compilation 3Dgas.exe was executed           
# Executing 3Dgas.exe  times                   
 # Calculating R10                              
 # Calculating R4                              
 # Calculating R15                              
 # Calculating R1                              
 # Calculating R18                              
 # Calculating R6                              
 # Calculating R4                              
 # Calculating R14                              
 # Calculating R6                              
 # Calculating R17                              
 # Calculating R9                              
 # Calculating R16                              
 # Calculating R17                              
 # Calculating R15                              
 # Calculating R6                              
 # Calculating R14                              
 # Calculating R5                              
 # Calculating R3                              
 # Calculating R12                              
 # Calculating R15                              
 # Calculating R20                              
 # Calculating R18                              
 # Calculating R13                              
 # Calculating R5                              
 # Calculating R10                              
 # Calculating R16                              
 # Calculating R7                              
 # Calculating R2                              
 # Calculating R14                              
 # Calculating R11                              
 # Calculating R19                              
 # Calculating R20                              
 # Calculating R3                              
 # Calculating R7                              
 # Calculating R9                              
 # Calculating R7                              
 # Calculating R13                              
 # Calculating R16                              
 # Calculating R12                              
 # Calculating R11                              
 # Calculating R3                              
 # Calculating R8                              
 # Calculating R17                              
 # Calculating R11                              
 # Calculating R12                              
 # Calculating R5                              
 # Calculating R1                              
 # Calculating R9                              
 # Calculating R8                              
 # Calculating R8                              
 # Calculating R20                              
 # Calculating R19                              
 # Calculating R1                              
 # Calculating R2                              
 # Calculating R4                              
 # Calculating R10                              
 # Calculating R19                              
 # Calculating R13                              
 # Calculating R2                              
 # Calculating R18                              
jueves,  9 de febrero de 2023, 13:12:10 CET
#===================================================
# Compiling 3Dgas.cpp                               
# Done compilation 3Dgas.exe was executed           
# Executing 3Dgas.exe  times                   
 # Calculating R8                              
 # Calculating R15                              
 # Calculating R14                              
 # Calculating R16                              
 # Calculating R9                              
 # Calculating R19                              
 # Calculating R2                              
 # Calculating R6                              
 # Calculating R1                              
 # Calculating R15                              
 # Calculating R18                              
 # Calculating R3                              
 # Calculating R7                              
 # Calculating R17                              
 # Calculating R19                              
 # Calculating R5                              
 # Calculating R10                              
 # Calculating R12                              
 # Calculating R20                              
 # Calculating R12                              
 # Calculating R10                              
 # Calculating R2                              
 # Calculating R14                              
 # Calculating R4                              
 # Calculating R9                              
 # Calculating R2                              
 # Calculating R6                              
 # Calculating R8                              
 # Calculating R20                              
 # Calculating R14                              
 # Calculating R7                              
 # Calculating R9                              
 # Calculating R4                              
 # Calculating R10                              
 # Calculating R17                              
 # Calculating R1                              
 # Calculating R5                              
 # Calculating R18                              
 # Calculating R13                              
 # Calculating R13                              
 # Calculating R12                              
 # Calculating R13                              
 # Calculating R17                              
 # Calculating R11                              
 # Calculating R19                              
 # Calculating R8                              
 # Calculating R11                              
 # Calculating R4                              
 # Calculating R15                              
 # Calculating R3                              
 # Calculating R16                              
 # Calculating R20                              
 # Calculating R18                              
 # Calculating R6                              
 # Calculating R1                              
 # Calculating R3                              
 # Calculating R11                              
 # Calculating R7                              
 # Calculating R5                              
 # Calculating R16                              
jueves,  9 de febrero de 2023, 13:14:57 CET
#===================================================
# Compiling 3Dgas.cpp                               
# Done compilation 3Dgas.exe was executed           
# Executing 3Dgas.exe  times                   
 # Calculating R14                              
 # Calculating R12                              
 # Calculating R7                              
 # Calculating R13                              
 # Calculating R9                              
 # Calculating R8                              
 # Calculating R18                              
 # Calculating R15                              
 # Calculating R16                              
 # Calculating R6                              
 # Calculating R18                              
 # Calculating R10                              
 # Calculating R9                              
 # Calculating R6                              
 # Calculating R5                              
 # Calculating R4                              
 # Calculating R4                              
 # Calculating R13                              
 # Calculating R2                              
 # Calculating R5                              
 # Calculating R19                              
 # Calculating R1                              
 # Calculating R20                              
 # Calculating R17                              
 # Calculating R20                              
 # Calculating R14                              
 # Calculating R11                              
 # Calculating R15                              
 # Calculating R10                              
 # Calculating R19                              
 # Calculating R13                              
 # Calculating R3                              
 # Calculating R2                              
 # Calculating R12                              
 # Calculating R20                              
 # Calculating R5                              
 # Calculating R16                              
 # Calculating R11                              
 # Calculating R16                              
 # Calculating R2                              
 # Calculating R4                              
 # Calculating R15                              
 # Calculating R7                              
 # Calculating R3                              
 # Calculating R1                              
 # Calculating R10                              
 # Calculating R17                              
 # Calculating R1                              
 # Calculating R18                              
 # Calculating R11                              
 # Calculating R8                              
 # Calculating R19                              
 # Calculating R14                              
 # Calculating R9                              
 # Calculating R17                              
 # Calculating R7                              
 # Calculating R8                              
 # Calculating R6                              
 # Calculating R12                              
 # Calculating R3                              
jueves,  9 de febrero de 2023, 13:15:55 CET
#===================================================
# Compiling 3Dgas.cpp                               
# Done compilation 3Dgas.exe was executed           
# Executing 3Dgas.exe  times                   
 # Calculating R15                              
 # Calculating R3                              
 # Calculating R19                              
 # Calculating R4                              
 # Calculating R1                              
 # Calculating R14                              
 # Calculating R11                              
 # Calculating R7                              
 # Calculating R2                              
 # Calculating R13                              
 # Calculating R17                              
 # Calculating R4                              
 # Calculating R7                              
 # Calculating R10                              
 # Calculating R6                              
 # Calculating R5                              
 # Calculating R12                              
 # Calculating R20                              
 # Calculating R6                              
 # Calculating R8                              
 # Calculating R9                              
 # Calculating R13                              
 # Calculating R18                              
 # Calculating R5                              
 # Calculating R18                              
 # Calculating R5                              
 # Calculating R15                              
 # Calculating R16                              
 # Calculating R19                              
 # Calculating R16                              
 # Calculating R17                              
 # Calculating R13                              
 # Calculating R15                              
 # Calculating R14                              
 # Calculating R9                              
 # Calculating R2                              
 # Calculating R11                              
 # Calculating R8                              
 # Calculating R1                              
 # Calculating R12                              
 # Calculating R3                              
 # Calculating R11                              
 # Calculating R1                              
 # Calculating R18                              
 # Calculating R14                              
 # Calculating R8                              
 # Calculating R17                              
 # Calculating R10                              
 # Calculating R20                              
 # Calculating R3                              
 # Calculating R12                              
 # Calculating R9                              
 # Calculating R10                              
 # Calculating R19                              
 # Calculating R2                              
 # Calculating R6                              
 # Calculating R20                              
 # Calculating R7                              
 # Calculating R4                              
 # Calculating R16                              
jueves,  9 de febrero de 2023, 13:19:21 CET
#===================================================
# Compiling 3Dgas.cpp                               
# Done compilation 3Dgas.exe was executed           
# Executing 3Dgas.exe  times                   
 # Calculating R1                              
 # Calculating R1                              
 # Calculating R1                              
 # Calculating R1                              
jueves,  9 de febrero de 2023, 13:21:01 CET
#===================================================
# Compiling 3Dgas.cpp                               
# Done compilation 3Dgas.exe was executed           
# Executing 3Dgas.exe  times                   
jueves,  9 de febrero de 2023, 13:22:26 CET
#===================================================
# Compiling 3Dgas.cpp                               
# Done compilation 3Dgas.exe was executed           
# Executing 3Dgas.exe  times                   
jueves,  9 de febrero de 2023, 13:23:53 CET
#===================================================
# Compiling 3Dgas.cpp                               
# Done compilation 3Dgas.exe was executed           
# Executing 3Dgas.exe  times                   
 # Calculating R1                              
 # Calculating R1                              
jueves,  9 de febrero de 2023, 13:26:05 CET
#===================================================
# Compiling 3Dgas.cpp                               
# Done compilation 3Dgas.exe was executed           
# Executing 3Dgas.exe  times                   
jueves,  9 de febrero de 2023, 13:26:43 CET
#===================================================
# Compiling 3Dgas.cpp                               
# Done compilation 3Dgas.exe was executed           
# Executing 3Dgas.exe  times                   
 # Calculating R1                              
 # Calculating R1                              
 # Calculating R1                              
jueves,  9 de febrero de 2023, 13:30:16 CET
#===================================================
# Compiling 3Dgas.cpp                               
# Done compilation 3Dgas.exe was executed           
# Executing 3Dgas.exe  times                   
 # Calculating R1                              
 # Calculating R1                              
jueves,  9 de febrero de 2023, 13:32:54 CET
#===================================================
# Compiling 3Dgas.cpp                               
# Done compilation 3Dgas.exe was executed           
# Executing 3Dgas.exe  times                   
jueves,  9 de febrero de 2023, 13:35:20 CET
#===================================================
# Compiling 3Dgas.cpp                               
# Done compilation 3Dgas.exe was executed           
# Executing 3Dgas.exe  times                   
jueves,  9 de febrero de 2023, 13:36:32 CET
#===================================================
# Compiling 3Dgas.cpp                               
# Done compilation 3Dgas.exe was executed           
# Executing 3Dgas.exe  times                   
 # Calculating R1                              
jueves,  9 de febrero de 2023, 13:37:54 CET
#===================================================
# Compiling 3Dgas.cpp                               
# Done compilation 3Dgas.exe was executed           
# Executing 3Dgas.exe  times                   
 # Calculating R1                              
 # Calculating R1                              
jueves,  9 de febrero de 2023, 13:42:27 CET
#===================================================
# Compiling 3Dgas.cpp                               
# Done compilation 3Dgas.exe was executed           
# Executing 3Dgas.exe  times                   
 # Calculating R1                              
 # Calculating R1                              
 # Calculating R1                              
jueves,  9 de febrero de 2023, 13:46:55 CET
#===================================================
# Compiling 3Dgas.cpp                               
# Done compilation 3Dgas.exe was executed           
# Executing 3Dgas.exe  times                   
jueves,  9 de febrero de 2023, 13:47:22 CET
#===================================================
# Compiling 3Dgas.cpp                               
# Done compilation 3Dgas.exe was executed           
# Executing 3Dgas.exe  times                   
jueves,  9 de febrero de 2023, 13:47:37 CET
#===================================================
# Compiling 3Dgas.cpp                               
# Done compilation 3Dgas.exe was executed           
# Executing 3Dgas.exe  times                   
jueves,  9 de febrero de 2023, 13:48:03 CET
#===================================================
# Compiling 3Dgas.cpp                               
# Done compilation 3Dgas.exe was executed           
# Executing 3Dgas.exe  times                   
jueves,  9 de febrero de 2023, 13:49:02 CET
#===================================================
# Compiling 3Dgas.cpp                               
# Done compilation 3Dgas.exe was executed           
# Executing 3Dgas.exe  times                   
jueves,  9 de febrero de 2023, 13:50:26 CET
#===================================================
# Compiling 3Dgas.cpp                               
# Done compilation 3Dgas.exe was executed           
# Executing 3Dgas.exe  times                   
jueves,  9 de febrero de 2023, 13:50:55 CET
#===================================================
# Compiling 3Dgas.cpp                               
# Done compilation 3Dgas.exe was executed           
# Executing 3Dgas.exe  times                   
 # Calculating R1                              
 # Calculating R1                              
jueves,  9 de febrero de 2023, 13:55:15 CET
#===================================================
# Compiling 3Dgas.cpp                               
# Done compilation 3Dgas.exe was executed           
# Executing 3Dgas.exe  times                   
 # Calculating R1                              
jueves,  9 de febrero de 2023, 13:56:54 CET
#===================================================
# Compiling 3Dgas.cpp                               
# Done compilation 3Dgas.exe was executed           
# Executing 3Dgas.exe  times                   
jueves,  9 de febrero de 2023, 13:59:06 CET
#===================================================
# Compiling 3Dgas.cpp                               
# Done compilation 3Dgas.exe was executed           
# Executing 3Dgas.exe  times                   
