martes, 17 de enero de 2023, 08:55:45 CET
#===================================================
# Compiling 3Dgas.cpp                               
# Done compilation 3Dgas.exe was executed           
# Executing 3Dgas.exe  times                   
 # Calculating R10                              
 # Calculating R10                              
 # Calculating R10                              
 # Calculating R10                              
 # Calculating R10                              
 # Calculating R10                              
 # Calculating R10                              
 # Calculating R10                              
jueves, 19 de enero de 2023, 07:36:58 CET
#===================================================
# Compiling 3Dgas.cpp                               
# Done compilation 3Dgas.exe was executed           
# Executing 3Dgas.exe  times                   
 # Calculating R1                              
 # Calculating R2                              
 # Calculating R3                              
 # Calculating R4                              
 # Calculating R5                              
 # Calculating R6                              
 # Calculating R7                              
 # Calculating R8                              
 # Calculating R9                              
 # Calculating R1                              
 # Calculating R2                              
 # Calculating R3                              
 # Calculating R4                              
 # Calculating R5                              
 # Calculating R6                              
 # Calculating R7                              
 # Calculating R8                              
 # Calculating R9                              
 # Calculating R1                              
 # Calculating R2                              
 # Calculating R3                              
 # Calculating R4                              
 # Calculating R5                              
 # Calculating R6                              
 # Calculating R7                              
 # Calculating R8                              
 # Calculating R9                              
 # Calculating R1                              
 # Calculating R2                              
 # Calculating R3                              
 # Calculating R4                              
 # Calculating R5                              
 # Calculating R6                              
 # Calculating R7                              
 # Calculating R8                              
 # Calculating R9                              
 # Calculating R1                              
 # Calculating R2                              
 # Calculating R3                              
 # Calculating R4                              
 # Calculating R5                              
 # Calculating R6                              
 # Calculating R7                              
 # Calculating R8                              
 # Calculating R9                              
 # Calculating R1                              
 # Calculating R2                              
 # Calculating R3                              
 # Calculating R4                              
 # Calculating R5                              
 # Calculating R6                              
 # Calculating R7                              
 # Calculating R8                              
 # Calculating R9                              
 # Calculating R1                              
 # Calculating R2                              
 # Calculating R3                              
 # Calculating R4                              
 # Calculating R5                              
 # Calculating R6                              
 # Calculating R7                              
 # Calculating R8                              
 # Calculating R9                              
 # Calculating R1                              
 # Calculating R2                              
 # Calculating R3                              
 # Calculating R4                              
 # Calculating R5                              
 # Calculating R6                              
 # Calculating R7                              
 # Calculating R8                              
 # Calculating R9                              
miércoles,  1 de febrero de 2023, 15:55:47 CET
#===================================================
# Compiling 3Dgas.cpp                               
# Done compilation 3Dgas.exe was executed           
# Executing 3Dgas.exe  times                   
 # Calculating R11                              
 # Calculating R12                              
 # Calculating R13                              
 # Calculating R14                              
 # Calculating R15                              
 # Calculating R16                              
 # Calculating R17                              
 # Calculating R18                              
 # Calculating R19                              
 # Calculating R20                              
 # Calculating R11                              
 # Calculating R12                              
 # Calculating R13                              
 # Calculating R14                              
 # Calculating R15                              
 # Calculating R16                              
 # Calculating R17                              
 # Calculating R18                              
 # Calculating R19                              
 # Calculating R20                              
 # Calculating R11                              
 # Calculating R12                              
 # Calculating R13                              
 # Calculating R14                              
 # Calculating R15                              
 # Calculating R16                              
 # Calculating R17                              
 # Calculating R18                              
 # Calculating R19                              
 # Calculating R20                              
 # Calculating R11                              
 # Calculating R12                              
 # Calculating R13                              
 # Calculating R14                              
 # Calculating R15                              
 # Calculating R16                              
 # Calculating R17                              
 # Calculating R18                              
 # Calculating R19                              
 # Calculating R20                              
 # Calculating R11                              
 # Calculating R12                              
 # Calculating R13                              
 # Calculating R14                              
 # Calculating R15                              
 # Calculating R16                              
 # Calculating R17                              
 # Calculating R18                              
 # Calculating R19                              
 # Calculating R20                              
 # Calculating R11                              
 # Calculating R12                              
 # Calculating R13                              
 # Calculating R14                              
 # Calculating R15                              
 # Calculating R16                              
 # Calculating R17                              
 # Calculating R18                              
 # Calculating R19                              
 # Calculating R20                              
 # Calculating R11                              
 # Calculating R12                              
 # Calculating R13                              
 # Calculating R14                              
 # Calculating R15                              
 # Calculating R16                              
 # Calculating R17                              
 # Calculating R18                              
 # Calculating R19                              
 # Calculating R20                              
 # Calculating R11                              
 # Calculating R12                              
 # Calculating R13                              
 # Calculating R14                              
 # Calculating R15                              
 # Calculating R16                              
