lunes, 23 de enero de 2023, 07:57:47 CET
#===================================================
# Compiling 3Dgas.cpp                               
# Done compilation 3Dgas.exe was executed           
# Executing 3Dgas.exe  times                   
 # Calculating R1                              
 # Calculating R2                              
 # Calculating R3                              
miércoles, 25 de enero de 2023, 16:50:28 CET
#===================================================
# Compiling 3Dgas.cpp                               
# Done compilation 3Dgas.exe was executed           
# Executing 3Dgas.exe  times                   
 # Calculating R1                              
 # Calculating R2                              
 # Calculating R3                              
 # Calculating R4                              
 # Calculating R5                              
 # Calculating R6                              
 # Calculating R7                              
 # Calculating R8                              
 # Calculating R9                              
 # Calculating R10                              
 # Calculating R1                              
 # Calculating R2                              
 # Calculating R3                              
 # Calculating R4                              
martes, 31 de enero de 2023, 07:33:28 CET
#===================================================
# Compiling 3Dgas.cpp                               
# Done compilation 3Dgas.exe was executed           
# Executing 3Dgas.exe  times                   
martes, 31 de enero de 2023, 07:59:10 CET
#===================================================
# Compiling 3Dgas.cpp                               
# Done compilation 3Dgas.exe was executed           
# Executing 3Dgas.exe  times                   
 # Calculating R1                              
 # Calculating R2                              
 # Calculating R3                              
 # Calculating R4                              
 # Calculating R5                              
 # Calculating R6                              
 # Calculating R7                              
 # Calculating R8                              
 # Calculating R9                              
 # Calculating R10                              
 # Calculating R1                              
 # Calculating R2                              
 # Calculating R3                              
 # Calculating R4                              
 # Calculating R5                              
 # Calculating R6                              
 # Calculating R7                              
 # Calculating R8                              
 # Calculating R9                              
 # Calculating R10                              
 # Calculating R1                              
 # Calculating R2                              
 # Calculating R3                              
 # Calculating R4                              
 # Calculating R5                              
 # Calculating R6                              
 # Calculating R7                              
 # Calculating R8                              
 # Calculating R9                              
 # Calculating R10                              
 # Calculating R1                              
 # Calculating R2                              
 # Calculating R3                              
