viernes,  3 de febrero de 2023, 07:54:28 CET
#===================================================
# Compiling 3Dgas.cpp                               
# Done compilation 3Dgas.exe was executed           
# Executing 3Dgas.exe  times                   
 # Calculating R1                              
 # Calculating R2                              
 # Calculating R3                              
 # Calculating R4                              
 # Calculating R5                              
 # Calculating R6                              
 # Calculating R7                              
 # Calculating R8                              
 # Calculating R9                              
 # Calculating R10                              
 # Calculating R1                              
 # Calculating R2                              
 # Calculating R3                              
 # Calculating R4                              
 # Calculating R5                              
 # Calculating R6                              
 # Calculating R7                              
 # Calculating R8                              
 # Calculating R9                              
 # Calculating R10                              
 # Calculating R1                              
 # Calculating R2                              
 # Calculating R3                              
 # Calculating R4                              
 # Calculating R5                              
 # Calculating R6                              
 # Calculating R7                              
 # Calculating R8                              
 # Calculating R9                              
 # Calculating R10                              
 # Calculating R1                              
 # Calculating R2                              
 # Calculating R3                              
 # Calculating R4                              
 # Calculating R5                              
 # Calculating R6                              
 # Calculating R7                              
 # Calculating R8                              
 # Calculating R9                              
 # Calculating R10                              
 # Calculating R1                              
 # Calculating R2                              
 # Calculating R3                              
 # Calculating R4                              
 # Calculating R5                              
 # Calculating R6                              
 # Calculating R7                              
 # Calculating R8                              
 # Calculating R9                              
 # Calculating R10                              
 # Calculating R1                              
 # Calculating R2                              
 # Calculating R3                              
 # Calculating R4                              
 # Calculating R5                              
 # Calculating R6                              
 # Calculating R7                              
 # Calculating R8                              
 # Calculating R9                              
 # Calculating R10                              
 # Calculating R1                              
 # Calculating R2                              
 # Calculating R3                              
 # Calculating R4                              
 # Calculating R5                              
 # Calculating R6                              
 # Calculating R7                              
 # Calculating R8                              
 # Calculating R9                              
 # Calculating R10                              
 # Calculating R1                              
 # Calculating R2                              
 # Calculating R3                              
 # Calculating R4                              
 # Calculating R5                              
 # Calculating R6                              
 # Calculating R7                              
 # Calculating R8                              
 # Calculating R9                              
 # Calculating R10                              
